[+] Containers:
 |- [+] Container: /Game/ThirdPerson/Maps/ThirdPersonMap
 |   |- [+] ActorDescs:
 |   |   |- Guid:236E1AFE4611998F1EACA9886EDD5D4C BaseClass:/Game/CardInfo/HUD/BP_CardBoard.BP_CardBoard_C NativeClass:/Script/Engine.Actor Name:BP_CardBoard_C_UAID_D843AE55766894E002_1925602087 Label:BP_CardBoard SpatiallyLoaded:true EditorBounds:IsValid=true, Min=(X=985.000 Y=1515.000 Z=0.500), Max=(X=1235.000 Y=1665.000 Z=2.500) RuntimeBounds:IsValid=true, Min=(X=985.000 Y=1515.000 Z=0.500), Max=(X=1235.000 Y=1665.000 Z=2.500) RuntimeGrid:None EditorOnly:false RuntimeOnly:false HLODRelevant:false ListedInSceneOutliner:true IsMainWorldOnly:false
 |   |   |- Guid:2774008A471AEE15AE5FDEA950E7E80F BaseClass:/Game/CardInfo/HUD/BP_CardBoard.BP_CardBoard_C NativeClass:/Script/Engine.Actor Name:BP_CardBoard_C_UAID_D843AE55766895E002_1092117277 Label:BP_CardBoard15 SpatiallyLoaded:true EditorBounds:IsValid=true, Min=(X=1575.000 Y=1765.000 Z=0.500), Max=(X=1825.000 Y=1915.000 Z=2.500) RuntimeBounds:IsValid=true, Min=(X=1575.000 Y=1765.000 Z=0.500), Max=(X=1825.000 Y=1915.000 Z=2.500) RuntimeGrid:None EditorOnly:false RuntimeOnly:false HLODRelevant:false ListedInSceneOutliner:true IsMainWorldOnly:false
 |   |   |- Guid:2ADCEDFB4103D8FFF56586AE921B8C60 BaseClass:/Game/CardInfo/HUD/BP_CardBoard.BP_CardBoard_C NativeClass:/Script/Engine.Actor Name:BP_CardBoard_C_UAID_D843AE55766894E002_2058142096 Label:BP_CardBoard10 SpatiallyLoaded:true EditorBounds:IsValid=true, Min=(X=1385.000 Y=1255.000 Z=0.500), Max=(X=1635.000 Y=1405.000 Z=2.500) RuntimeBounds:IsValid=true, Min=(X=1385.000 Y=1255.000 Z=0.500), Max=(X=1635.000 Y=1405.000 Z=2.500) RuntimeGrid:None EditorOnly:false RuntimeOnly:false HLODRelevant:false ListedInSceneOutliner:true IsMainWorldOnly:false
 |   |   |- Guid:2FB58999456391D349DC0F86DAC136ED NativeClass:/Script/Engine.SkyLight Name:SkyLight_1 Label:SkyLight SpatiallyLoaded:false EditorBounds:IsValid=true, Min=(X=0.000 Y=0.000 Z=690.000), Max=(X=0.000 Y=0.000 Z=690.000) RuntimeBounds:IsValid=true, Min=(X=0.000 Y=0.000 Z=690.000), Max=(X=0.000 Y=0.000 Z=690.000) RuntimeGrid:None EditorOnly:false RuntimeOnly:false HLODRelevant:false ListedInSceneOutliner:true IsMainWorldOnly:false FolderPath:Lighting FolderGuid:963EC3EB4002CCE9759E2EBA541A873A
 |   |   |- Guid:316CF2A6494ACA4C0E4180A87D36AB8F NativeClass:/Script/Engine.ExponentialHeightFog Name:ExponentialHeightFog_0 Label:ExponentialHeightFog SpatiallyLoaded:false EditorBounds:IsValid=true, Min=(X=-5600.000 Y=-50.000 Z=-6850.000), Max=(X=-5600.000 Y=-50.000 Z=-6850.000) RuntimeBounds:IsValid=true, Min=(X=-5600.000 Y=-50.000 Z=-6850.000), Max=(X=-5600.000 Y=-50.000 Z=-6850.000) RuntimeGrid:None EditorOnly:false RuntimeOnly:false HLODRelevant:false ListedInSceneOutliner:true IsMainWorldOnly:false FolderPath:Lighting FolderGuid:963EC3EB4002CCE9759E2EBA541A873A
 |   |   |- Guid:43815E84492231AFC407F59E3C28176B NativeClass:/Script/Engine.StaticMeshActor Name:StaticMeshActor_4 Label:SM_Cube6 SpatiallyLoaded:true EditorBounds:IsValid=true, Min=(X=2900.000 Y=100.000 Z=0.000), Max=(X=3000.000 Y=3400.000 Z=400.000) RuntimeBounds:IsValid=true, Min=(X=2900.000 Y=100.000 Z=0.000), Max=(X=3000.000 Y=3400.000 Z=400.000) RuntimeGrid:None EditorOnly:false RuntimeOnly:false HLODRelevant:true ListedInSceneOutliner:true IsMainWorldOnly:false FolderPath:Playground FolderGuid:C73F09FC4215536B1DCE2A9E0A830C70
 |   |   |- Guid:4454487F4E72C954787E6DA9E737FCE4 BaseClass:/Game/CardInfo/HUD/BP_CardBoard.BP_CardBoard_C NativeClass:/Script/Engine.Actor Name:BP_CardBoard_C_UAID_D843AE55766894E002_2015970090 Label:BP_CardBoard4 SpatiallyLoaded:true EditorBounds:IsValid=true, Min=(X=875.000 Y=1275.000 Z=0.500), Max=(X=1125.000 Y=1425.000 Z=2.500) RuntimeBounds:IsValid=true, Min=(X=875.000 Y=1275.000 Z=0.500), Max=(X=1125.000 Y=1425.000 Z=2.500) RuntimeGrid:None EditorOnly:false RuntimeOnly:false HLODRelevant:false ListedInSceneOutliner:true IsMainWorldOnly:false
 |   |   |- Guid:4D3BE93F4146AAAC8BBE79999D96D57F NativeClass:/Script/Engine.VolumetricCloud Name:VolumetricCloud_0 Label:VolumetricCloud SpatiallyLoaded:false EditorBounds:IsValid=true, Min=(X=0.000 Y=0.000 Z=820.000), Max=(X=0.000 Y=0.000 Z=820.000) RuntimeBounds:IsValid=true, Min=(X=0.000 Y=0.000 Z=820.000), Max=(X=0.000 Y=0.000 Z=820.000) RuntimeGrid:None EditorOnly:false RuntimeOnly:false HLODRelevant:false ListedInSceneOutliner:true IsMainWorldOnly:false FolderPath:Lighting FolderGuid:963EC3EB4002CCE9759E2EBA541A873A
 |   |   |- Guid:5B97F4A64FB21F77EFC44386BF705B4C NativeClass:/Script/Engine.TextRenderActor Name:TextRenderActor_1 Label:TextRenderActor SpatiallyLoaded:true EditorBounds:IsValid=true, Min=(X=-0.100 Y=1100.000 Z=65.013), Max=(X=-0.100 Y=2392.308 Z=215.013) RuntimeBounds:IsValid=true, Min=(X=-0.100 Y=1100.000 Z=65.013), Max=(X=-0.100 Y=2392.308 Z=215.013) RuntimeGrid:None EditorOnly:false RuntimeOnly:false HLODRelevant:false ListedInSceneOutliner:true IsMainWorldOnly:false
 |   |   |- Guid:6BAF4DDD444C60371492D3919DB42C97 NativeClass:/Script/Engine.WorldDataLayers Name:WorldDataLayers Label:WorldDataLayers SpatiallyLoaded:false EditorBounds:IsValid=true, Min=(X=0.000 Y=0.000 Z=0.000), Max=(X=0.000 Y=0.000 Z=0.000) RuntimeBounds:IsValid=true, Min=(X=0.000 Y=0.000 Z=0.000), Max=(X=0.000 Y=0.000 Z=0.000) RuntimeGrid:None EditorOnly:false RuntimeOnly:false HLODRelevant:false ListedInSceneOutliner:true IsMainWorldOnly:true
 |   |   |- Guid:788125F4468342D13E08FE86386982DD BaseClass:/Game/CardInfo/HUD/BP_CardBoard.BP_CardBoard_C NativeClass:/Script/Engine.Actor Name:BP_CardBoard_C_UAID_D843AE55766894E002_2058139093 Label:BP_CardBoard7 SpatiallyLoaded:true EditorBounds:IsValid=true, Min=(X=1275.000 Y=1765.000 Z=0.500), Max=(X=1525.000 Y=1915.000 Z=2.500) RuntimeBounds:IsValid=true, Min=(X=1275.000 Y=1765.000 Z=0.500), Max=(X=1525.000 Y=1915.000 Z=2.500) RuntimeGrid:None EditorOnly:false RuntimeOnly:false HLODRelevant:false ListedInSceneOutliner:true IsMainWorldOnly:false
 |   |   |- Guid:8DA863A24319B3AE4A885E9C1EE57CF3 BaseClass:/Game/CardInfo/HUD/BP_CardBoard.BP_CardBoard_C NativeClass:/Script/Engine.Actor Name:BP_CardBoard_C_UAID_D843AE55766894E002_1997149089 Label:BP_CardBoard3 SpatiallyLoaded:true EditorBounds:IsValid=true, Min=(X=985.000 Y=2015.000 Z=0.500), Max=(X=1235.000 Y=2165.000 Z=2.500) RuntimeBounds:IsValid=true, Min=(X=985.000 Y=2015.000 Z=0.500), Max=(X=1235.000 Y=2165.000 Z=2.500) RuntimeGrid:None EditorOnly:false RuntimeOnly:false HLODRelevant:false ListedInSceneOutliner:true IsMainWorldOnly:false
 |   |   |- Guid:980CEB20483AFCEBAEFBA4BB43DE625B BaseClass:/Game/CardInfo/HUD/BP_CardBoard.BP_CardBoard_C NativeClass:/Script/Engine.Actor Name:BP_CardBoard_C_UAID_D843AE55766894E002_2058137092 Label:BP_CardBoard6 SpatiallyLoaded:true EditorBounds:IsValid=true, Min=(X=1275.000 Y=2015.000 Z=0.500), Max=(X=1525.000 Y=2165.000 Z=2.500) RuntimeBounds:IsValid=true, Min=(X=1275.000 Y=2015.000 Z=0.500), Max=(X=1525.000 Y=2165.000 Z=2.500) RuntimeGrid:None EditorOnly:false RuntimeOnly:false HLODRelevant:false ListedInSceneOutliner:true IsMainWorldOnly:false
 |   |   |- Guid:9A08B57D438B4150ABD57EAB1C99CF0A BaseClass:/Game/CardInfo/HUD/BP_CardBoard.BP_CardBoard_C NativeClass:/Script/Engine.Actor Name:BP_CardBoard_C_UAID_D843AE55766894E002_2035193091 Label:BP_CardBoard5 SpatiallyLoaded:true EditorBounds:IsValid=true, Min=(X=875.000 Y=2275.000 Z=0.500), Max=(X=1125.000 Y=2425.000 Z=2.500) RuntimeBounds:IsValid=true, Min=(X=875.000 Y=2275.000 Z=0.500), Max=(X=1125.000 Y=2425.000 Z=2.500) RuntimeGrid:None EditorOnly:false RuntimeOnly:false HLODRelevant:false ListedInSceneOutliner:true IsMainWorldOnly:false
 |   |   |- Guid:A56216954B2165CF0F35A886B537D536 NativeClass:/Script/Engine.StaticMeshActor Name:StaticMeshActor_0 Label:SM_Cube5 SpatiallyLoaded:true EditorBounds:IsValid=true, Min=(X=-0.000 Y=100.000 Z=0.000), Max=(X=100.000 Y=3400.000 Z=400.000) RuntimeBounds:IsValid=true, Min=(X=-0.000 Y=100.000 Z=0.000), Max=(X=100.000 Y=3400.000 Z=400.000) RuntimeGrid:None EditorOnly:false RuntimeOnly:false HLODRelevant:true ListedInSceneOutliner:true IsMainWorldOnly:false FolderPath:Playground FolderGuid:C73F09FC4215536B1DCE2A9E0A830C70
 |   |   |- Guid:B785ED2844B84CFB91E7F39FE661CD99 NativeClass:/Script/Engine.DirectionalLight Name:DirectionalLight_0 Label:DirectionalLight SpatiallyLoaded:false EditorBounds:IsValid=true, Min=(X=-1048576.000 Y=-1048576.000 Z=-1048576.000), Max=(X=1048576.000 Y=1048576.000 Z=1048576.000) RuntimeBounds:IsValid=true, Min=(X=-1048576.000 Y=-1048576.000 Z=-1048576.000), Max=(X=1048576.000 Y=1048576.000 Z=1048576.000) RuntimeGrid:None EditorOnly:false RuntimeOnly:false HLODRelevant:false ListedInSceneOutliner:true IsMainWorldOnly:false FolderPath:Lighting FolderGuid:963EC3EB4002CCE9759E2EBA541A873A
 |   |   |- Guid:BC08B79C4EA3C961CFF75EBBE83B367D NativeClass:/Script/Engine.StaticMeshActor Name:StaticMeshActor_5 Label:SM_Cube2 SpatiallyLoaded:true EditorBounds:IsValid=true, Min=(X=0.000 Y=0.000 Z=0.000), Max=(X=3000.000 Y=100.000 Z=400.000) RuntimeBounds:IsValid=true, Min=(X=0.000 Y=0.000 Z=0.000), Max=(X=3000.000 Y=100.000 Z=400.000) RuntimeGrid:None EditorOnly:false RuntimeOnly:false HLODRelevant:true ListedInSceneOutliner:true IsMainWorldOnly:false FolderPath:Playground FolderGuid:C73F09FC4215536B1DCE2A9E0A830C70
 |   |   |- Guid:C8307CF94066BC457BA4119634108AAE BaseClass:/Game/CardInfo/HUD/BP_CardBoard.BP_CardBoard_C NativeClass:/Script/Engine.Actor Name:BP_CardBoard_C_UAID_D843AE55766894E002_2147294097 Label:BP_CardBoard11 SpatiallyLoaded:true EditorBounds:IsValid=true, Min=(X=685.000 Y=1515.000 Z=0.500), Max=(X=935.000 Y=1665.000 Z=2.500) RuntimeBounds:IsValid=true, Min=(X=685.000 Y=1515.000 Z=0.500), Max=(X=935.000 Y=1665.000 Z=2.500) RuntimeGrid:None EditorOnly:false RuntimeOnly:false HLODRelevant:false ListedInSceneOutliner:true IsMainWorldOnly:false
 |   |   |- Guid:CCFF262C46EEFFDF319E7F9539CE697E NativeClass:/Script/Engine.SkyAtmosphere Name:SkyAtmosphere_0 Label:SkyAtmosphere SpatiallyLoaded:false EditorBounds:IsValid=true, Min=(X=0.000 Y=0.000 Z=1020.000), Max=(X=0.000 Y=0.000 Z=1020.000) RuntimeBounds:IsValid=true, Min=(X=0.000 Y=0.000 Z=1020.000), Max=(X=0.000 Y=0.000 Z=1020.000) RuntimeGrid:None EditorOnly:false RuntimeOnly:false HLODRelevant:false ListedInSceneOutliner:true IsMainWorldOnly:false FolderPath:Lighting FolderGuid:963EC3EB4002CCE9759E2EBA541A873A
 |   |   |- Guid:CF8E803942A94C6C8AE2F890B8C0F911 BaseClass:/Game/CardInfo/HUD/BP_CardBoard.BP_CardBoard_C NativeClass:/Script/Engine.Actor Name:BP_CardBoard_C_UAID_D843AE55766894E002_2147298099 Label:BP_CardBoard13 SpatiallyLoaded:true EditorBounds:IsValid=true, Min=(X=685.000 Y=2015.000 Z=0.500), Max=(X=935.000 Y=2165.000 Z=2.500) RuntimeBounds:IsValid=true, Min=(X=685.000 Y=2015.000 Z=0.500), Max=(X=935.000 Y=2165.000 Z=2.500) RuntimeGrid:None EditorOnly:false RuntimeOnly:false HLODRelevant:false ListedInSceneOutliner:true IsMainWorldOnly:false
 |   |   |- Guid:D172866F4BD6F74BEEC77AA305CC204D BaseClass:/Game/CardInfo/HUD/BP_CardMaster.BP_CardMaster_C NativeClass:/Script/Engine.Actor Name:BP_CardMaster_C_UAID_D843AE55766895E002_1979430279 Label:BP_CardMaster SpatiallyLoaded:true EditorBounds:IsValid=true, Min=(X=875.000 Y=2275.000 Z=0.100), Max=(X=1125.000 Y=2425.000 Z=3.000) RuntimeBounds:IsValid=true, Min=(X=875.000 Y=2275.000 Z=0.100), Max=(X=1125.000 Y=2425.000 Z=3.000) RuntimeGrid:None EditorOnly:false RuntimeOnly:false HLODRelevant:false ListedInSceneOutliner:true IsMainWorldOnly:false
 |   |   |- Guid:D24F740C47FD54A710EB66AB63B1EC23 BaseClass:/Game/CardInfo/HUD/BP_CardBoard.BP_CardBoard_C NativeClass:/Script/Engine.Actor Name:BP_CardBoard_C_UAID_D843AE55766894E002_2058140094 Label:BP_CardBoard8 SpatiallyLoaded:true EditorBounds:IsValid=true, Min=(X=1275.000 Y=1515.000 Z=0.500), Max=(X=1525.000 Y=1665.000 Z=2.500) RuntimeBounds:IsValid=true, Min=(X=1275.000 Y=1515.000 Z=0.500), Max=(X=1525.000 Y=1665.000 Z=2.500) RuntimeGrid:None EditorOnly:false RuntimeOnly:false HLODRelevant:false ListedInSceneOutliner:true IsMainWorldOnly:false
 |   |   |- Guid:DB48478949122C3DEF26A2B532578E63 BaseClass:/Game/CardInfo/HUD/BP_CardBoard.BP_CardBoard_C NativeClass:/Script/Engine.Actor Name:BP_CardBoard_C_UAID_D843AE55766894E002_2058141095 Label:BP_CardBoard9 SpatiallyLoaded:true EditorBounds:IsValid=true, Min=(X=1385.000 Y=2255.000 Z=0.500), Max=(X=1635.000 Y=2405.000 Z=2.500) RuntimeBounds:IsValid=true, Min=(X=1385.000 Y=2255.000 Z=0.500), Max=(X=1635.000 Y=2405.000 Z=2.500) RuntimeGrid:None EditorOnly:false RuntimeOnly:false HLODRelevant:false ListedInSceneOutliner:true IsMainWorldOnly:false
 |   |   |- Guid:E2B3B9DC42D036B2447A40A419712555 BaseClass:/Game/CardInfo/HUD/BP_CardBoard.BP_CardBoard_C NativeClass:/Script/Engine.Actor Name:BP_CardBoard_C_UAID_D843AE55766895E002_1092118278 Label:BP_CardBoard16 SpatiallyLoaded:true EditorBounds:IsValid=true, Min=(X=1575.000 Y=1515.000 Z=0.500), Max=(X=1825.000 Y=1665.000 Z=2.500) RuntimeBounds:IsValid=true, Min=(X=1575.000 Y=1515.000 Z=0.500), Max=(X=1825.000 Y=1665.000 Z=2.500) RuntimeGrid:None EditorOnly:false RuntimeOnly:false HLODRelevant:false ListedInSceneOutliner:true IsMainWorldOnly:false
 |   |   |- Guid:E7694F5442545A1F6C5DA099CB2AEB81 BaseClass:/Game/CardInfo/BP_ActorDuel.BP_ActorDuel_C NativeClass:/Script/Engine.Character Name:BP_ActorDuel_C_UAID_D843AE55766896E002_1731740456 Label:BP_ActorDuel SpatiallyLoaded:true EditorBounds:IsValid=true, Min=(X=-290.000 Y=850.000 Z=8.000), Max=(X=1730.000 Y=2870.000 Z=2028.000) RuntimeBounds:IsValid=true, Min=(X=686.000 Y=1826.000 Z=930.000), Max=(X=754.000 Y=1894.000 Z=1106.000) RuntimeGrid:None EditorOnly:false RuntimeOnly:false HLODRelevant:false ListedInSceneOutliner:true IsMainWorldOnly:false
 |   |   |- Guid:EC4E0C944CE6AC6E784BC6BB2916EA13 NativeClass:/Script/Engine.StaticMeshActor Name:StaticMeshActor_UAID_A4AE111137DC5EFB00_1110535423 Label:SM_SkySphere SpatiallyLoaded:false EditorBounds:IsValid=true, Min=(X=-1638400.000 Y=-1638400.000 Z=-1638400.000), Max=(X=1638400.000 Y=1638400.000 Z=1638400.000) RuntimeBounds:IsValid=true, Min=(X=-1638400.000 Y=-1638400.000 Z=-1638400.000), Max=(X=1638400.000 Y=1638400.000 Z=1638400.000) RuntimeGrid:None EditorOnly:false RuntimeOnly:false HLODRelevant:true ListedInSceneOutliner:true IsMainWorldOnly:false FolderPath:Lighting FolderGuid:963EC3EB4002CCE9759E2EBA541A873A
 |   |   |- Guid:F1924B8D48954B30891B2DB6A694F9CC NativeClass:/Script/Engine.StaticMeshActor Name:StaticMeshActor_1 Label:SM_Cube SpatiallyLoaded:true EditorBounds:IsValid=true, Min=(X=0.000 Y=0.000 Z=-50.000), Max=(X=3000.000 Y=3500.000 Z=0.000) RuntimeBounds:IsValid=true, Min=(X=0.000 Y=0.000 Z=-50.000), Max=(X=3000.000 Y=3500.000 Z=0.000) RuntimeGrid:None EditorOnly:false RuntimeOnly:false HLODRelevant:true ListedInSceneOutliner:true IsMainWorldOnly:false FolderPath:Playground FolderGuid:C73F09FC4215536B1DCE2A9E0A830C70
 |   |   |- Guid:F35BA69148F5A8B016E7F9B61CBFC546 BaseClass:/Game/CardInfo/HUD/BP_CardBoard.BP_CardBoard_C NativeClass:/Script/Engine.Actor Name:BP_CardBoard_C_UAID_D843AE55766895E002_1092114276 Label:BP_CardBoard14 SpatiallyLoaded:true EditorBounds:IsValid=true, Min=(X=1575.000 Y=2015.000 Z=0.500), Max=(X=1825.000 Y=2165.000 Z=2.500) RuntimeBounds:IsValid=true, Min=(X=1575.000 Y=2015.000 Z=0.500), Max=(X=1825.000 Y=2165.000 Z=2.500) RuntimeGrid:None EditorOnly:false RuntimeOnly:false HLODRelevant:false ListedInSceneOutliner:true IsMainWorldOnly:false
 |   |   |- Guid:F5E3FEB3450C49844FD93DA8E083C8AD NativeClass:/Script/Engine.PostProcessVolume Name:PostProcessVolume_0 Label:PostProcessVolume SpatiallyLoaded:false EditorBounds:IsValid=true, Min=(X=0.000 Y=0.000 Z=400.000), Max=(X=200.000 Y=200.000 Z=600.000) RuntimeBounds:IsValid=true, Min=(X=0.000 Y=0.000 Z=400.000), Max=(X=200.000 Y=200.000 Z=600.000) RuntimeGrid:None EditorOnly:false RuntimeOnly:false HLODRelevant:false ListedInSceneOutliner:true IsMainWorldOnly:false FolderPath:Lighting FolderGuid:963EC3EB4002CCE9759E2EBA541A873A
 |   |   |- Guid:FA581FE8404DEEE51B9349A618B7EC79 BaseClass:/Game/CardInfo/HUD/BP_CardBoard.BP_CardBoard_C NativeClass:/Script/Engine.Actor Name:BP_CardBoard_C_UAID_D843AE55766894E002_2147296098 Label:BP_CardBoard12 SpatiallyLoaded:true EditorBounds:IsValid=true, Min=(X=685.000 Y=1765.000 Z=0.500), Max=(X=935.000 Y=1915.000 Z=2.500) RuntimeBounds:IsValid=true, Min=(X=685.000 Y=1765.000 Z=0.500), Max=(X=935.000 Y=1915.000 Z=2.500) RuntimeGrid:None EditorOnly:false RuntimeOnly:false HLODRelevant:false ListedInSceneOutliner:true IsMainWorldOnly:false
 |   |   |- Guid:FD687E334D044885BCF26A89E3B61484 BaseClass:/Game/CardInfo/HUD/BP_CardBoard.BP_CardBoard_C NativeClass:/Script/Engine.Actor Name:BP_CardBoard_C_UAID_D843AE55766894E002_1971481088 Label:BP_CardBoard2 SpatiallyLoaded:true EditorBounds:IsValid=true, Min=(X=985.000 Y=1765.000 Z=0.500), Max=(X=1235.000 Y=1915.000 Z=2.500) RuntimeBounds:IsValid=true, Min=(X=985.000 Y=1765.000 Z=0.500), Max=(X=1235.000 Y=1915.000 Z=2.500) RuntimeGrid:None EditorOnly:false RuntimeOnly:false HLODRelevant:false ListedInSceneOutliner:true IsMainWorldOnly:false
 |   |   |- Guid:FF698C67459ADB4982D7759C0905EE9F NativeClass:/Script/Engine.StaticMeshActor Name:StaticMeshActor_6 Label:SM_Cube3 SpatiallyLoaded:true EditorBounds:IsValid=true, Min=(X=0.000 Y=3400.000 Z=0.000), Max=(X=3000.000 Y=3500.000 Z=400.000) RuntimeBounds:IsValid=true, Min=(X=0.000 Y=3400.000 Z=0.000), Max=(X=3000.000 Y=3500.000 Z=400.000) RuntimeGrid:None EditorOnly:false RuntimeOnly:false HLODRelevant:true ListedInSceneOutliner:true IsMainWorldOnly:false FolderPath:Playground FolderGuid:C73F09FC4215536B1DCE2A9E0A830C70
 |   |- [+] Clusters:
 |   |   |- [+] [  0]
 |   |   |   |- Guid:236E1AFE4611998F1EACA9886EDD5D4C BaseClass:/Game/CardInfo/HUD/BP_CardBoard.BP_CardBoard_C NativeClass:/Script/Engine.Actor Name:BP_CardBoard_C_UAID_D843AE55766894E002_1925602087 Label:BP_CardBoard SpatiallyLoaded:true EditorBounds:IsValid=true, Min=(X=985.000 Y=1515.000 Z=0.500), Max=(X=1235.000 Y=1665.000 Z=2.500) RuntimeBounds:IsValid=true, Min=(X=985.000 Y=1515.000 Z=0.500), Max=(X=1235.000 Y=1665.000 Z=2.500) RuntimeGrid:None EditorOnly:false RuntimeOnly:false HLODRelevant:false ListedInSceneOutliner:true IsMainWorldOnly:false
 |   |   |- [+] [  1]
 |   |   |   |- Guid:2774008A471AEE15AE5FDEA950E7E80F BaseClass:/Game/CardInfo/HUD/BP_CardBoard.BP_CardBoard_C NativeClass:/Script/Engine.Actor Name:BP_CardBoard_C_UAID_D843AE55766895E002_1092117277 Label:BP_CardBoard15 SpatiallyLoaded:true EditorBounds:IsValid=true, Min=(X=1575.000 Y=1765.000 Z=0.500), Max=(X=1825.000 Y=1915.000 Z=2.500) RuntimeBounds:IsValid=true, Min=(X=1575.000 Y=1765.000 Z=0.500), Max=(X=1825.000 Y=1915.000 Z=2.500) RuntimeGrid:None EditorOnly:false RuntimeOnly:false HLODRelevant:false ListedInSceneOutliner:true IsMainWorldOnly:false
 |   |   |- [+] [  2]
 |   |   |   |- Guid:2ADCEDFB4103D8FFF56586AE921B8C60 BaseClass:/Game/CardInfo/HUD/BP_CardBoard.BP_CardBoard_C NativeClass:/Script/Engine.Actor Name:BP_CardBoard_C_UAID_D843AE55766894E002_2058142096 Label:BP_CardBoard10 SpatiallyLoaded:true EditorBounds:IsValid=true, Min=(X=1385.000 Y=1255.000 Z=0.500), Max=(X=1635.000 Y=1405.000 Z=2.500) RuntimeBounds:IsValid=true, Min=(X=1385.000 Y=1255.000 Z=0.500), Max=(X=1635.000 Y=1405.000 Z=2.500) RuntimeGrid:None EditorOnly:false RuntimeOnly:false HLODRelevant:false ListedInSceneOutliner:true IsMainWorldOnly:false
 |   |   |- [+] [  3]
 |   |   |   |- Guid:2FB58999456391D349DC0F86DAC136ED NativeClass:/Script/Engine.SkyLight Name:SkyLight_1 Label:SkyLight SpatiallyLoaded:false EditorBounds:IsValid=true, Min=(X=0.000 Y=0.000 Z=690.000), Max=(X=0.000 Y=0.000 Z=690.000) RuntimeBounds:IsValid=true, Min=(X=0.000 Y=0.000 Z=690.000), Max=(X=0.000 Y=0.000 Z=690.000) RuntimeGrid:None EditorOnly:false RuntimeOnly:false HLODRelevant:false ListedInSceneOutliner:true IsMainWorldOnly:false FolderPath:Lighting FolderGuid:963EC3EB4002CCE9759E2EBA541A873A
 |   |   |- [+] [  4]
 |   |   |   |- Guid:316CF2A6494ACA4C0E4180A87D36AB8F NativeClass:/Script/Engine.ExponentialHeightFog Name:ExponentialHeightFog_0 Label:ExponentialHeightFog SpatiallyLoaded:false EditorBounds:IsValid=true, Min=(X=-5600.000 Y=-50.000 Z=-6850.000), Max=(X=-5600.000 Y=-50.000 Z=-6850.000) RuntimeBounds:IsValid=true, Min=(X=-5600.000 Y=-50.000 Z=-6850.000), Max=(X=-5600.000 Y=-50.000 Z=-6850.000) RuntimeGrid:None EditorOnly:false RuntimeOnly:false HLODRelevant:false ListedInSceneOutliner:true IsMainWorldOnly:false FolderPath:Lighting FolderGuid:963EC3EB4002CCE9759E2EBA541A873A
 |   |   |- [+] [  5]
 |   |   |   |- Guid:43815E84492231AFC407F59E3C28176B NativeClass:/Script/Engine.StaticMeshActor Name:StaticMeshActor_4 Label:SM_Cube6 SpatiallyLoaded:true EditorBounds:IsValid=true, Min=(X=2900.000 Y=100.000 Z=0.000), Max=(X=3000.000 Y=3400.000 Z=400.000) RuntimeBounds:IsValid=true, Min=(X=2900.000 Y=100.000 Z=0.000), Max=(X=3000.000 Y=3400.000 Z=400.000) RuntimeGrid:None EditorOnly:false RuntimeOnly:false HLODRelevant:true ListedInSceneOutliner:true IsMainWorldOnly:false FolderPath:Playground FolderGuid:C73F09FC4215536B1DCE2A9E0A830C70
 |   |   |- [+] [  6]
 |   |   |   |- Guid:4454487F4E72C954787E6DA9E737FCE4 BaseClass:/Game/CardInfo/HUD/BP_CardBoard.BP_CardBoard_C NativeClass:/Script/Engine.Actor Name:BP_CardBoard_C_UAID_D843AE55766894E002_2015970090 Label:BP_CardBoard4 SpatiallyLoaded:true EditorBounds:IsValid=true, Min=(X=875.000 Y=1275.000 Z=0.500), Max=(X=1125.000 Y=1425.000 Z=2.500) RuntimeBounds:IsValid=true, Min=(X=875.000 Y=1275.000 Z=0.500), Max=(X=1125.000 Y=1425.000 Z=2.500) RuntimeGrid:None EditorOnly:false RuntimeOnly:false HLODRelevant:false ListedInSceneOutliner:true IsMainWorldOnly:false
 |   |   |- [+] [  7]
 |   |   |   |- Guid:4D3BE93F4146AAAC8BBE79999D96D57F NativeClass:/Script/Engine.VolumetricCloud Name:VolumetricCloud_0 Label:VolumetricCloud SpatiallyLoaded:false EditorBounds:IsValid=true, Min=(X=0.000 Y=0.000 Z=820.000), Max=(X=0.000 Y=0.000 Z=820.000) RuntimeBounds:IsValid=true, Min=(X=0.000 Y=0.000 Z=820.000), Max=(X=0.000 Y=0.000 Z=820.000) RuntimeGrid:None EditorOnly:false RuntimeOnly:false HLODRelevant:false ListedInSceneOutliner:true IsMainWorldOnly:false FolderPath:Lighting FolderGuid:963EC3EB4002CCE9759E2EBA541A873A
 |   |   |- [+] [  8]
 |   |   |   |- Guid:5B97F4A64FB21F77EFC44386BF705B4C NativeClass:/Script/Engine.TextRenderActor Name:TextRenderActor_1 Label:TextRenderActor SpatiallyLoaded:true EditorBounds:IsValid=true, Min=(X=-0.100 Y=1100.000 Z=65.013), Max=(X=-0.100 Y=2392.308 Z=215.013) RuntimeBounds:IsValid=true, Min=(X=-0.100 Y=1100.000 Z=65.013), Max=(X=-0.100 Y=2392.308 Z=215.013) RuntimeGrid:None EditorOnly:false RuntimeOnly:false HLODRelevant:false ListedInSceneOutliner:true IsMainWorldOnly:false
 |   |   |- [+] [  9]
 |   |   |   |- Guid:6BAF4DDD444C60371492D3919DB42C97 NativeClass:/Script/Engine.WorldDataLayers Name:WorldDataLayers Label:WorldDataLayers SpatiallyLoaded:false EditorBounds:IsValid=true, Min=(X=0.000 Y=0.000 Z=0.000), Max=(X=0.000 Y=0.000 Z=0.000) RuntimeBounds:IsValid=true, Min=(X=0.000 Y=0.000 Z=0.000), Max=(X=0.000 Y=0.000 Z=0.000) RuntimeGrid:None EditorOnly:false RuntimeOnly:false HLODRelevant:false ListedInSceneOutliner:true IsMainWorldOnly:true
 |   |   |- [+] [ 10]
 |   |   |   |- Guid:788125F4468342D13E08FE86386982DD BaseClass:/Game/CardInfo/HUD/BP_CardBoard.BP_CardBoard_C NativeClass:/Script/Engine.Actor Name:BP_CardBoard_C_UAID_D843AE55766894E002_2058139093 Label:BP_CardBoard7 SpatiallyLoaded:true EditorBounds:IsValid=true, Min=(X=1275.000 Y=1765.000 Z=0.500), Max=(X=1525.000 Y=1915.000 Z=2.500) RuntimeBounds:IsValid=true, Min=(X=1275.000 Y=1765.000 Z=0.500), Max=(X=1525.000 Y=1915.000 Z=2.500) RuntimeGrid:None EditorOnly:false RuntimeOnly:false HLODRelevant:false ListedInSceneOutliner:true IsMainWorldOnly:false
 |   |   |- [+] [ 11]
 |   |   |   |- Guid:8DA863A24319B3AE4A885E9C1EE57CF3 BaseClass:/Game/CardInfo/HUD/BP_CardBoard.BP_CardBoard_C NativeClass:/Script/Engine.Actor Name:BP_CardBoard_C_UAID_D843AE55766894E002_1997149089 Label:BP_CardBoard3 SpatiallyLoaded:true EditorBounds:IsValid=true, Min=(X=985.000 Y=2015.000 Z=0.500), Max=(X=1235.000 Y=2165.000 Z=2.500) RuntimeBounds:IsValid=true, Min=(X=985.000 Y=2015.000 Z=0.500), Max=(X=1235.000 Y=2165.000 Z=2.500) RuntimeGrid:None EditorOnly:false RuntimeOnly:false HLODRelevant:false ListedInSceneOutliner:true IsMainWorldOnly:false
 |   |   |- [+] [ 12]
 |   |   |   |- Guid:980CEB20483AFCEBAEFBA4BB43DE625B BaseClass:/Game/CardInfo/HUD/BP_CardBoard.BP_CardBoard_C NativeClass:/Script/Engine.Actor Name:BP_CardBoard_C_UAID_D843AE55766894E002_2058137092 Label:BP_CardBoard6 SpatiallyLoaded:true EditorBounds:IsValid=true, Min=(X=1275.000 Y=2015.000 Z=0.500), Max=(X=1525.000 Y=2165.000 Z=2.500) RuntimeBounds:IsValid=true, Min=(X=1275.000 Y=2015.000 Z=0.500), Max=(X=1525.000 Y=2165.000 Z=2.500) RuntimeGrid:None EditorOnly:false RuntimeOnly:false HLODRelevant:false ListedInSceneOutliner:true IsMainWorldOnly:false
 |   |   |- [+] [ 13]
 |   |   |   |- Guid:9A08B57D438B4150ABD57EAB1C99CF0A BaseClass:/Game/CardInfo/HUD/BP_CardBoard.BP_CardBoard_C NativeClass:/Script/Engine.Actor Name:BP_CardBoard_C_UAID_D843AE55766894E002_2035193091 Label:BP_CardBoard5 SpatiallyLoaded:true EditorBounds:IsValid=true, Min=(X=875.000 Y=2275.000 Z=0.500), Max=(X=1125.000 Y=2425.000 Z=2.500) RuntimeBounds:IsValid=true, Min=(X=875.000 Y=2275.000 Z=0.500), Max=(X=1125.000 Y=2425.000 Z=2.500) RuntimeGrid:None EditorOnly:false RuntimeOnly:false HLODRelevant:false ListedInSceneOutliner:true IsMainWorldOnly:false
 |   |   |- [+] [ 14]
 |   |   |   |- Guid:A56216954B2165CF0F35A886B537D536 NativeClass:/Script/Engine.StaticMeshActor Name:StaticMeshActor_0 Label:SM_Cube5 SpatiallyLoaded:true EditorBounds:IsValid=true, Min=(X=-0.000 Y=100.000 Z=0.000), Max=(X=100.000 Y=3400.000 Z=400.000) RuntimeBounds:IsValid=true, Min=(X=-0.000 Y=100.000 Z=0.000), Max=(X=100.000 Y=3400.000 Z=400.000) RuntimeGrid:None EditorOnly:false RuntimeOnly:false HLODRelevant:true ListedInSceneOutliner:true IsMainWorldOnly:false FolderPath:Playground FolderGuid:C73F09FC4215536B1DCE2A9E0A830C70
 |   |   |- [+] [ 15]
 |   |   |   |- Guid:B785ED2844B84CFB91E7F39FE661CD99 NativeClass:/Script/Engine.DirectionalLight Name:DirectionalLight_0 Label:DirectionalLight SpatiallyLoaded:false EditorBounds:IsValid=true, Min=(X=-1048576.000 Y=-1048576.000 Z=-1048576.000), Max=(X=1048576.000 Y=1048576.000 Z=1048576.000) RuntimeBounds:IsValid=true, Min=(X=-1048576.000 Y=-1048576.000 Z=-1048576.000), Max=(X=1048576.000 Y=1048576.000 Z=1048576.000) RuntimeGrid:None EditorOnly:false RuntimeOnly:false HLODRelevant:false ListedInSceneOutliner:true IsMainWorldOnly:false FolderPath:Lighting FolderGuid:963EC3EB4002CCE9759E2EBA541A873A
 |   |   |- [+] [ 16]
 |   |   |   |- Guid:BC08B79C4EA3C961CFF75EBBE83B367D NativeClass:/Script/Engine.StaticMeshActor Name:StaticMeshActor_5 Label:SM_Cube2 SpatiallyLoaded:true EditorBounds:IsValid=true, Min=(X=0.000 Y=0.000 Z=0.000), Max=(X=3000.000 Y=100.000 Z=400.000) RuntimeBounds:IsValid=true, Min=(X=0.000 Y=0.000 Z=0.000), Max=(X=3000.000 Y=100.000 Z=400.000) RuntimeGrid:None EditorOnly:false RuntimeOnly:false HLODRelevant:true ListedInSceneOutliner:true IsMainWorldOnly:false FolderPath:Playground FolderGuid:C73F09FC4215536B1DCE2A9E0A830C70
 |   |   |- [+] [ 17]
 |   |   |   |- Guid:C8307CF94066BC457BA4119634108AAE BaseClass:/Game/CardInfo/HUD/BP_CardBoard.BP_CardBoard_C NativeClass:/Script/Engine.Actor Name:BP_CardBoard_C_UAID_D843AE55766894E002_2147294097 Label:BP_CardBoard11 SpatiallyLoaded:true EditorBounds:IsValid=true, Min=(X=685.000 Y=1515.000 Z=0.500), Max=(X=935.000 Y=1665.000 Z=2.500) RuntimeBounds:IsValid=true, Min=(X=685.000 Y=1515.000 Z=0.500), Max=(X=935.000 Y=1665.000 Z=2.500) RuntimeGrid:None EditorOnly:false RuntimeOnly:false HLODRelevant:false ListedInSceneOutliner:true IsMainWorldOnly:false
 |   |   |- [+] [ 18]
 |   |   |   |- Guid:CCFF262C46EEFFDF319E7F9539CE697E NativeClass:/Script/Engine.SkyAtmosphere Name:SkyAtmosphere_0 Label:SkyAtmosphere SpatiallyLoaded:false EditorBounds:IsValid=true, Min=(X=0.000 Y=0.000 Z=1020.000), Max=(X=0.000 Y=0.000 Z=1020.000) RuntimeBounds:IsValid=true, Min=(X=0.000 Y=0.000 Z=1020.000), Max=(X=0.000 Y=0.000 Z=1020.000) RuntimeGrid:None EditorOnly:false RuntimeOnly:false HLODRelevant:false ListedInSceneOutliner:true IsMainWorldOnly:false FolderPath:Lighting FolderGuid:963EC3EB4002CCE9759E2EBA541A873A
 |   |   |- [+] [ 19]
 |   |   |   |- Guid:CF8E803942A94C6C8AE2F890B8C0F911 BaseClass:/Game/CardInfo/HUD/BP_CardBoard.BP_CardBoard_C NativeClass:/Script/Engine.Actor Name:BP_CardBoard_C_UAID_D843AE55766894E002_2147298099 Label:BP_CardBoard13 SpatiallyLoaded:true EditorBounds:IsValid=true, Min=(X=685.000 Y=2015.000 Z=0.500), Max=(X=935.000 Y=2165.000 Z=2.500) RuntimeBounds:IsValid=true, Min=(X=685.000 Y=2015.000 Z=0.500), Max=(X=935.000 Y=2165.000 Z=2.500) RuntimeGrid:None EditorOnly:false RuntimeOnly:false HLODRelevant:false ListedInSceneOutliner:true IsMainWorldOnly:false
 |   |   |- [+] [ 20]
 |   |   |   |- Guid:D172866F4BD6F74BEEC77AA305CC204D BaseClass:/Game/CardInfo/HUD/BP_CardMaster.BP_CardMaster_C NativeClass:/Script/Engine.Actor Name:BP_CardMaster_C_UAID_D843AE55766895E002_1979430279 Label:BP_CardMaster SpatiallyLoaded:true EditorBounds:IsValid=true, Min=(X=875.000 Y=2275.000 Z=0.100), Max=(X=1125.000 Y=2425.000 Z=3.000) RuntimeBounds:IsValid=true, Min=(X=875.000 Y=2275.000 Z=0.100), Max=(X=1125.000 Y=2425.000 Z=3.000) RuntimeGrid:None EditorOnly:false RuntimeOnly:false HLODRelevant:false ListedInSceneOutliner:true IsMainWorldOnly:false
 |   |   |- [+] [ 21]
 |   |   |   |- Guid:D24F740C47FD54A710EB66AB63B1EC23 BaseClass:/Game/CardInfo/HUD/BP_CardBoard.BP_CardBoard_C NativeClass:/Script/Engine.Actor Name:BP_CardBoard_C_UAID_D843AE55766894E002_2058140094 Label:BP_CardBoard8 SpatiallyLoaded:true EditorBounds:IsValid=true, Min=(X=1275.000 Y=1515.000 Z=0.500), Max=(X=1525.000 Y=1665.000 Z=2.500) RuntimeBounds:IsValid=true, Min=(X=1275.000 Y=1515.000 Z=0.500), Max=(X=1525.000 Y=1665.000 Z=2.500) RuntimeGrid:None EditorOnly:false RuntimeOnly:false HLODRelevant:false ListedInSceneOutliner:true IsMainWorldOnly:false
 |   |   |- [+] [ 22]
 |   |   |   |- Guid:DB48478949122C3DEF26A2B532578E63 BaseClass:/Game/CardInfo/HUD/BP_CardBoard.BP_CardBoard_C NativeClass:/Script/Engine.Actor Name:BP_CardBoard_C_UAID_D843AE55766894E002_2058141095 Label:BP_CardBoard9 SpatiallyLoaded:true EditorBounds:IsValid=true, Min=(X=1385.000 Y=2255.000 Z=0.500), Max=(X=1635.000 Y=2405.000 Z=2.500) RuntimeBounds:IsValid=true, Min=(X=1385.000 Y=2255.000 Z=0.500), Max=(X=1635.000 Y=2405.000 Z=2.500) RuntimeGrid:None EditorOnly:false RuntimeOnly:false HLODRelevant:false ListedInSceneOutliner:true IsMainWorldOnly:false
 |   |   |- [+] [ 23]
 |   |   |   |- Guid:E2B3B9DC42D036B2447A40A419712555 BaseClass:/Game/CardInfo/HUD/BP_CardBoard.BP_CardBoard_C NativeClass:/Script/Engine.Actor Name:BP_CardBoard_C_UAID_D843AE55766895E002_1092118278 Label:BP_CardBoard16 SpatiallyLoaded:true EditorBounds:IsValid=true, Min=(X=1575.000 Y=1515.000 Z=0.500), Max=(X=1825.000 Y=1665.000 Z=2.500) RuntimeBounds:IsValid=true, Min=(X=1575.000 Y=1515.000 Z=0.500), Max=(X=1825.000 Y=1665.000 Z=2.500) RuntimeGrid:None EditorOnly:false RuntimeOnly:false HLODRelevant:false ListedInSceneOutliner:true IsMainWorldOnly:false
 |   |   |- [+] [ 24]
 |   |   |   |- Guid:E7694F5442545A1F6C5DA099CB2AEB81 BaseClass:/Game/CardInfo/BP_ActorDuel.BP_ActorDuel_C NativeClass:/Script/Engine.Character Name:BP_ActorDuel_C_UAID_D843AE55766896E002_1731740456 Label:BP_ActorDuel SpatiallyLoaded:true EditorBounds:IsValid=true, Min=(X=-290.000 Y=850.000 Z=8.000), Max=(X=1730.000 Y=2870.000 Z=2028.000) RuntimeBounds:IsValid=true, Min=(X=686.000 Y=1826.000 Z=930.000), Max=(X=754.000 Y=1894.000 Z=1106.000) RuntimeGrid:None EditorOnly:false RuntimeOnly:false HLODRelevant:false ListedInSceneOutliner:true IsMainWorldOnly:false
 |   |   |- [+] [ 25]
 |   |   |   |- Guid:EC4E0C944CE6AC6E784BC6BB2916EA13 NativeClass:/Script/Engine.StaticMeshActor Name:StaticMeshActor_UAID_A4AE111137DC5EFB00_1110535423 Label:SM_SkySphere SpatiallyLoaded:false EditorBounds:IsValid=true, Min=(X=-1638400.000 Y=-1638400.000 Z=-1638400.000), Max=(X=1638400.000 Y=1638400.000 Z=1638400.000) RuntimeBounds:IsValid=true, Min=(X=-1638400.000 Y=-1638400.000 Z=-1638400.000), Max=(X=1638400.000 Y=1638400.000 Z=1638400.000) RuntimeGrid:None EditorOnly:false RuntimeOnly:false HLODRelevant:true ListedInSceneOutliner:true IsMainWorldOnly:false FolderPath:Lighting FolderGuid:963EC3EB4002CCE9759E2EBA541A873A
 |   |   |- [+] [ 26]
 |   |   |   |- Guid:F1924B8D48954B30891B2DB6A694F9CC NativeClass:/Script/Engine.StaticMeshActor Name:StaticMeshActor_1 Label:SM_Cube SpatiallyLoaded:true EditorBounds:IsValid=true, Min=(X=0.000 Y=0.000 Z=-50.000), Max=(X=3000.000 Y=3500.000 Z=0.000) RuntimeBounds:IsValid=true, Min=(X=0.000 Y=0.000 Z=-50.000), Max=(X=3000.000 Y=3500.000 Z=0.000) RuntimeGrid:None EditorOnly:false RuntimeOnly:false HLODRelevant:true ListedInSceneOutliner:true IsMainWorldOnly:false FolderPath:Playground FolderGuid:C73F09FC4215536B1DCE2A9E0A830C70
 |   |   |- [+] [ 27]
 |   |   |   |- Guid:F35BA69148F5A8B016E7F9B61CBFC546 BaseClass:/Game/CardInfo/HUD/BP_CardBoard.BP_CardBoard_C NativeClass:/Script/Engine.Actor Name:BP_CardBoard_C_UAID_D843AE55766895E002_1092114276 Label:BP_CardBoard14 SpatiallyLoaded:true EditorBounds:IsValid=true, Min=(X=1575.000 Y=2015.000 Z=0.500), Max=(X=1825.000 Y=2165.000 Z=2.500) RuntimeBounds:IsValid=true, Min=(X=1575.000 Y=2015.000 Z=0.500), Max=(X=1825.000 Y=2165.000 Z=2.500) RuntimeGrid:None EditorOnly:false RuntimeOnly:false HLODRelevant:false ListedInSceneOutliner:true IsMainWorldOnly:false
 |   |   |- [+] [ 28]
 |   |   |   |- Guid:F5E3FEB3450C49844FD93DA8E083C8AD NativeClass:/Script/Engine.PostProcessVolume Name:PostProcessVolume_0 Label:PostProcessVolume SpatiallyLoaded:false EditorBounds:IsValid=true, Min=(X=0.000 Y=0.000 Z=400.000), Max=(X=200.000 Y=200.000 Z=600.000) RuntimeBounds:IsValid=true, Min=(X=0.000 Y=0.000 Z=400.000), Max=(X=200.000 Y=200.000 Z=600.000) RuntimeGrid:None EditorOnly:false RuntimeOnly:false HLODRelevant:false ListedInSceneOutliner:true IsMainWorldOnly:false FolderPath:Lighting FolderGuid:963EC3EB4002CCE9759E2EBA541A873A
 |   |   |- [+] [ 29]
 |   |   |   |- Guid:FA581FE8404DEEE51B9349A618B7EC79 BaseClass:/Game/CardInfo/HUD/BP_CardBoard.BP_CardBoard_C NativeClass:/Script/Engine.Actor Name:BP_CardBoard_C_UAID_D843AE55766894E002_2147296098 Label:BP_CardBoard12 SpatiallyLoaded:true EditorBounds:IsValid=true, Min=(X=685.000 Y=1765.000 Z=0.500), Max=(X=935.000 Y=1915.000 Z=2.500) RuntimeBounds:IsValid=true, Min=(X=685.000 Y=1765.000 Z=0.500), Max=(X=935.000 Y=1915.000 Z=2.500) RuntimeGrid:None EditorOnly:false RuntimeOnly:false HLODRelevant:false ListedInSceneOutliner:true IsMainWorldOnly:false
 |   |   |- [+] [ 30]
 |   |   |   |- Guid:FD687E334D044885BCF26A89E3B61484 BaseClass:/Game/CardInfo/HUD/BP_CardBoard.BP_CardBoard_C NativeClass:/Script/Engine.Actor Name:BP_CardBoard_C_UAID_D843AE55766894E002_1971481088 Label:BP_CardBoard2 SpatiallyLoaded:true EditorBounds:IsValid=true, Min=(X=985.000 Y=1765.000 Z=0.500), Max=(X=1235.000 Y=1915.000 Z=2.500) RuntimeBounds:IsValid=true, Min=(X=985.000 Y=1765.000 Z=0.500), Max=(X=1235.000 Y=1915.000 Z=2.500) RuntimeGrid:None EditorOnly:false RuntimeOnly:false HLODRelevant:false ListedInSceneOutliner:true IsMainWorldOnly:false
 |   |   |- [+] [ 31]
 |   |   |   |- Guid:FF698C67459ADB4982D7759C0905EE9F NativeClass:/Script/Engine.StaticMeshActor Name:StaticMeshActor_6 Label:SM_Cube3 SpatiallyLoaded:true EditorBounds:IsValid=true, Min=(X=0.000 Y=3400.000 Z=0.000), Max=(X=3000.000 Y=3500.000 Z=400.000) RuntimeBounds:IsValid=true, Min=(X=0.000 Y=3400.000 Z=0.000), Max=(X=3000.000 Y=3500.000 Z=400.000) RuntimeGrid:None EditorOnly:false RuntimeOnly:false HLODRelevant:true ListedInSceneOutliner:true IsMainWorldOnly:false FolderPath:Playground FolderGuid:C73F09FC4215536B1DCE2A9E0A830C70
 |- ContainerInstances:
 |- [+] MainContainer:
 |   |-        ID: 00000000000000000000000000000000
 |   |-  ParentID: 00000000000000000000000000000000
 |   |-    Bounds: IsValid=false, Min=(X=0.000 Y=0.000 Z=0.000), Max=(X=0.000 Y=0.000 Z=0.000)
 |   |- Transform: 0.000000,0.000000,0.000000|0.000000,0.000000,-0.000000|1.000000,1.000000,1.000000
 |   |- Container: /Game/ThirdPerson/Maps/ThirdPersonMap
----------------------------------------------------------------------------------------------------------------
ThirdPersonMap - Persistent Level
----------------------------------------------------------------------------------------------------------------
[+] Content of ThirdPersonMap Persistent Level
 |- Always loaded Actor Count: 32 
 |- Actor Path: /Game/ThirdPerson/Maps/ThirdPersonMap.ThirdPersonMap:PersistentLevel.BP_ActorDuel_C_UAID_D843AE55766896E002_1731740456
 |- Actor Package: /Game/__ExternalActors__/ThirdPerson/Maps/ThirdPersonMap/2/5D/DIKDC0HLZMR3L2K2LX7KPJ
 |- Actor Path: /Game/ThirdPerson/Maps/ThirdPersonMap.ThirdPersonMap:PersistentLevel.BP_CardBoard_C_UAID_D843AE55766894E002_1925602087
 |- Actor Package: /Game/__ExternalActors__/ThirdPerson/Maps/ThirdPersonMap/3/X4/64DCMP17HX7V3XRJCFW051
 |- Actor Path: /Game/ThirdPerson/Maps/ThirdPersonMap.ThirdPersonMap:PersistentLevel.BP_CardBoard_C_UAID_D843AE55766894E002_1971481088
 |- Actor Package: /Game/__ExternalActors__/ThirdPerson/Maps/ThirdPersonMap/7/3M/JNWBQ3H7P5HYD7OR5E63YT
 |- Actor Path: /Game/ThirdPerson/Maps/ThirdPersonMap.ThirdPersonMap:PersistentLevel.BP_CardBoard_C_UAID_D843AE55766894E002_1997149089
 |- Actor Package: /Game/__ExternalActors__/ThirdPerson/Maps/ThirdPersonMap/9/BZ/I2UVCGHU626L3ZN8P1JI78
 |- Actor Path: /Game/ThirdPerson/Maps/ThirdPersonMap.ThirdPersonMap:PersistentLevel.BP_CardBoard_C_UAID_D843AE55766894E002_2015970090
 |- Actor Package: /Game/__ExternalActors__/ThirdPerson/Maps/ThirdPersonMap/4/Y4/Y7PKS03VMV5TVNA48XDGZQ
 |- Actor Path: /Game/ThirdPerson/Maps/ThirdPersonMap.ThirdPersonMap:PersistentLevel.BP_CardBoard_C_UAID_D843AE55766894E002_2035193091
 |- Actor Package: /Game/__ExternalActors__/ThirdPerson/Maps/ThirdPersonMap/E/YH/26AN0N5NW1RZ6Q8UAO32HH
 |- Actor Path: /Game/ThirdPerson/Maps/ThirdPersonMap.ThirdPersonMap:PersistentLevel.BP_CardBoard_C_UAID_D843AE55766894E002_2058137092
 |- Actor Package: /Game/__ExternalActors__/ThirdPerson/Maps/ThirdPersonMap/D/XV/5ZFIXCYJD65HLC92WUGIZ0
 |- Actor Path: /Game/ThirdPerson/Maps/ThirdPersonMap.ThirdPersonMap:PersistentLevel.BP_CardBoard_C_UAID_D843AE55766894E002_2058139093
 |- Actor Package: /Game/__ExternalActors__/ThirdPerson/Maps/ThirdPersonMap/4/ZT/OE2DYYMGKS66ZOIRPPY6AQ
 |- Actor Path: /Game/ThirdPerson/Maps/ThirdPersonMap.ThirdPersonMap:PersistentLevel.BP_CardBoard_C_UAID_D843AE55766894E002_2058140094
 |- Actor Package: /Game/__ExternalActors__/ThirdPerson/Maps/ThirdPersonMap/3/05/TNF3CQUBB4ACYA6LJKTHJK
 |- Actor Path: /Game/ThirdPerson/Maps/ThirdPersonMap.ThirdPersonMap:PersistentLevel.BP_CardBoard_C_UAID_D843AE55766894E002_2058141095
 |- Actor Package: /Game/__ExternalActors__/ThirdPerson/Maps/ThirdPersonMap/6/15/FWR9NZFNPGVZO3M1YIAVFH
 |- Actor Path: /Game/ThirdPerson/Maps/ThirdPersonMap.ThirdPersonMap:PersistentLevel.BP_CardBoard_C_UAID_D843AE55766894E002_2058142096
 |- Actor Package: /Game/__ExternalActors__/ThirdPerson/Maps/ThirdPersonMap/C/Q4/WW2NL2T8ZJ55X8J0BV45NV
 |- Actor Path: /Game/ThirdPerson/Maps/ThirdPersonMap.ThirdPersonMap:PersistentLevel.BP_CardBoard_C_UAID_D843AE55766894E002_2147294097
 |- Actor Package: /Game/__ExternalActors__/ThirdPerson/Maps/ThirdPersonMap/E/77/EP0Z9J4JK6UVON5AF7J4BP
 |- Actor Path: /Game/ThirdPerson/Maps/ThirdPersonMap.ThirdPersonMap:PersistentLevel.BP_CardBoard_C_UAID_D843AE55766894E002_2147296098
 |- Actor Package: /Game/__ExternalActors__/ThirdPerson/Maps/ThirdPersonMap/C/WB/IHODB6Q49ZWYCDO2C1Y7PF
 |- Actor Path: /Game/ThirdPerson/Maps/ThirdPersonMap.ThirdPersonMap:PersistentLevel.BP_CardBoard_C_UAID_D843AE55766894E002_2147298099
 |- Actor Package: /Game/__ExternalActors__/ThirdPerson/Maps/ThirdPersonMap/5/T7/XCHTPQ5RCUHHT3815RXY43
 |- Actor Path: /Game/ThirdPerson/Maps/ThirdPersonMap.ThirdPersonMap:PersistentLevel.BP_CardBoard_C_UAID_D843AE55766895E002_1092114276
 |- Actor Package: /Game/__ExternalActors__/ThirdPerson/Maps/ThirdPersonMap/9/MM/WDE9QSFOD75O1PVXIRVJ92
 |- Actor Path: /Game/ThirdPerson/Maps/ThirdPersonMap.ThirdPersonMap:PersistentLevel.BP_CardBoard_C_UAID_D843AE55766895E002_1092117277
 |- Actor Package: /Game/__ExternalActors__/ThirdPerson/Maps/ThirdPersonMap/3/BO/OMZT2UP3FP49XWQ83CXOY6
 |- Actor Path: /Game/ThirdPerson/Maps/ThirdPersonMap.ThirdPersonMap:PersistentLevel.BP_CardBoard_C_UAID_D843AE55766895E002_1092118278
 |- Actor Package: /Game/__ExternalActors__/ThirdPerson/Maps/ThirdPersonMap/A/RE/WDKMXOM9F6KAOGJ1821Z0C
 |- Actor Path: /Game/ThirdPerson/Maps/ThirdPersonMap.ThirdPersonMap:PersistentLevel.BP_CardMaster_C_UAID_D843AE55766895E002_1979430279
 |- Actor Package: /Game/__ExternalActors__/ThirdPerson/Maps/ThirdPersonMap/B/IG/L9KHJF5PGWWF78OAH9YTTU
 |- Actor Path: /Game/ThirdPerson/Maps/ThirdPersonMap.ThirdPersonMap:PersistentLevel.DirectionalLight_0
 |- Actor Package: /Game/__ExternalActors__/ThirdPerson/Maps/ThirdPersonMap/5/R1/TS5OQ5CRUWFZYL1ZQ7I416
 |- Actor Path: /Game/ThirdPerson/Maps/ThirdPersonMap.ThirdPersonMap:PersistentLevel.ExponentialHeightFog_0
 |- Actor Package: /Game/__ExternalActors__/ThirdPerson/Maps/ThirdPersonMap/6/J7/N10XDC9G27EMLS5AGZ6AVV
 |- Actor Path: /Game/ThirdPerson/Maps/ThirdPersonMap.ThirdPersonMap:PersistentLevel.PostProcessVolume_0
 |- Actor Package: /Game/__ExternalActors__/ThirdPerson/Maps/ThirdPersonMap/1/AZ/A7GPT109Y6ZTTJD4A7TXER
 |- Actor Path: /Game/ThirdPerson/Maps/ThirdPersonMap.ThirdPersonMap:PersistentLevel.SkyAtmosphere_0
 |- Actor Package: /Game/__ExternalActors__/ThirdPerson/Maps/ThirdPersonMap/4/LN/30UBDLYFFA5ZR7U4W4L4GG
 |- Actor Path: /Game/ThirdPerson/Maps/ThirdPersonMap.ThirdPersonMap:PersistentLevel.SkyLight_1
 |- Actor Package: /Game/__ExternalActors__/ThirdPerson/Maps/ThirdPersonMap/8/S1/DXUWD12MD3HRWVVXX076BY
 |- Actor Path: /Game/ThirdPerson/Maps/ThirdPersonMap.ThirdPersonMap:PersistentLevel.StaticMeshActor_0
 |- Actor Package: /Game/__ExternalActors__/ThirdPerson/Maps/ThirdPersonMap/A/MS/MRHJREJ6H7USQYWF1KO8F6
 |- Actor Path: /Game/ThirdPerson/Maps/ThirdPersonMap.ThirdPersonMap:PersistentLevel.StaticMeshActor_1
 |- Actor Package: /Game/__ExternalActors__/ThirdPerson/Maps/ThirdPersonMap/6/YO/NG2R9BPZVA7ZDN0Z4VSTG6
 |- Actor Path: /Game/ThirdPerson/Maps/ThirdPersonMap.ThirdPersonMap:PersistentLevel.StaticMeshActor_4
 |- Actor Package: /Game/__ExternalActors__/ThirdPerson/Maps/ThirdPersonMap/5/9Q/U98KGKQ41NJYFOGFQM8ZDY
 |- Actor Path: /Game/ThirdPerson/Maps/ThirdPersonMap.ThirdPersonMap:PersistentLevel.StaticMeshActor_5
 |- Actor Package: /Game/__ExternalActors__/ThirdPerson/Maps/ThirdPersonMap/C/QF/BY1DA5CRGQSAMOTK8RA8KR
 |- Actor Path: /Game/ThirdPerson/Maps/ThirdPersonMap.ThirdPersonMap:PersistentLevel.StaticMeshActor_6
 |- Actor Package: /Game/__ExternalActors__/ThirdPerson/Maps/ThirdPersonMap/D/0G/JNKFA4X9LRMSF343ESPF6Q
 |- Actor Path: /Game/ThirdPerson/Maps/ThirdPersonMap.ThirdPersonMap:PersistentLevel.StaticMeshActor_UAID_A4AE111137DC5EFB00_1110535423
 |- Actor Package: /Game/__ExternalActors__/ThirdPerson/Maps/ThirdPersonMap/4/PN/2QISIGK5DJNQ05US8O8FXW
 |- Actor Path: /Game/ThirdPerson/Maps/ThirdPersonMap.ThirdPersonMap:PersistentLevel.TextRenderActor_1
 |- Actor Package: /Game/__ExternalActors__/ThirdPerson/Maps/ThirdPersonMap/1/WU/NB37RT5Q32Z8MJWD8BD2SO
 |- Actor Path: /Game/ThirdPerson/Maps/ThirdPersonMap.ThirdPersonMap:PersistentLevel.VolumetricCloud_0
 |- Actor Package: /Game/__ExternalActors__/ThirdPerson/Maps/ThirdPersonMap/3/EY/87SHEJN5UBEAN2K5OV1G6R
 |- Actor Path: /Game/ThirdPerson/Maps/ThirdPersonMap.ThirdPersonMap:PersistentLevel.WorldDataLayers
 |- Actor Package: /Game/__ExternalActors__/ThirdPerson/Maps/ThirdPersonMap/0/43/HYQWORMY4JDQ5X3OKZXFLC

----------------------------------------------------------------------------------------------------------------
ThirdPersonMap - Runtime Hash Set
----------------------------------------------------------------------------------------------------------------

